<?xml version="1.0" encoding="UTF-8"?>
<!-- Generated by org.testng.reporters.JUnitReportReporter -->
<testsuite skipped="0" hostname="LAPTOP-23PV20AT" name="basics.TestngClassForBasicPgms" tests="1" failures="0" timestamp="26 Aug 2017 18:09:13 GMT" time="0.016" errors="0">
  <testcase name="convertToAscii" time="0.016" classname="basics.TestngClassForBasicPgms"/>
</testsuite> <!-- basics.TestngClassForBasicPgms -->
